[2020-02-28 01:40:53] [server.js] info: Server runing
[2020-02-28 01:43:40] [server.js] error: null
[2020-02-28 01:43:40] [server.js] info: Retorno: Nenhum produto encontrado.
[2020-02-28 01:43:40] [server.js] info: "GET /produtos HTTP/1.1" 304 - - 1408.959 ms "http://localhost:3000/produtos" "Mozilla/5.0 (X11; Linux x86_64) AppleWebKit/537.36 (KHTML, like Gecko) Chrome/80.0.3987.116 Safari/537.36"

[2020-02-28 01:45:33] [server.js] error: null
[2020-02-28 01:45:33] [server.js] info: Retorno: Nenhum produto encontrado.
[2020-02-28 01:45:33] [server.js] info: "GET /produtos HTTP/1.1" 304 - - 164.785 ms "http://localhost:3000/produtos" "Mozilla/5.0 (X11; Linux x86_64) AppleWebKit/537.36 (KHTML, like Gecko) Chrome/80.0.3987.116 Safari/537.36"

[2020-02-28 01:45:56] [server.js] error: null
[2020-02-28 01:45:56] [server.js] info: Retorno: Nenhum produto encontrado.
[2020-02-28 01:45:56] [server.js] info: "GET /produtos HTTP/1.1" 304 - - 175.165 ms "http://localhost:3000/produtos" "Mozilla/5.0 (X11; Linux x86_64) AppleWebKit/537.36 (KHTML, like Gecko) Chrome/80.0.3987.116 Safari/537.36"

[2020-02-28 01:46:21] [server.js] error: null
[2020-02-28 01:46:21] [server.js] info: Retorno: Nenhum produto encontrado.
[2020-02-28 01:46:21] [server.js] info: "GET /produtos HTTP/1.1" 304 - - 181.966 ms "http://localhost:3000/produtos" "Mozilla/5.0 (X11; Linux x86_64) AppleWebKit/537.36 (KHTML, like Gecko) Chrome/80.0.3987.116 Safari/537.36"

[2020-02-28 01:46:35] [server.js] error: null
[2020-02-28 01:46:35] [server.js] info: Retorno: Nenhum produto encontrado.
[2020-02-28 01:46:35] [server.js] info: "GET /produtos HTTP/1.1" 304 - - 161.070 ms "http://localhost:3000/produtos" "Mozilla/5.0 (X11; Linux x86_64) AppleWebKit/537.36 (KHTML, like Gecko) Chrome/80.0.3987.116 Safari/537.36"

[2020-02-28 01:46:58] [server.js] error: null
[2020-02-28 01:46:58] [server.js] info: Retorno: Nenhum produto encontrado.
[2020-02-28 01:46:58] [server.js] info: "GET /produtos HTTP/1.1" 304 - - 219.634 ms "http://localhost:3000/produtos" "Mozilla/5.0 (X11; Linux x86_64) AppleWebKit/537.36 (KHTML, like Gecko) Chrome/80.0.3987.116 Safari/537.36"

[2020-02-28 01:47:03] [server.js] error: null
[2020-02-28 01:47:03] [server.js] info: Retorno: Nenhum produto encontrado.
[2020-02-28 01:47:03] [server.js] info: "GET /produtos HTTP/1.1" 304 - - 192.204 ms "http://localhost:3000/produtos" "Mozilla/5.0 (X11; Linux x86_64) AppleWebKit/537.36 (KHTML, like Gecko) Chrome/80.0.3987.116 Safari/537.36"

[2020-02-28 01:49:20] [server.js] info: "POST /produtos HTTP/1.1" 201 190 - 924.139 ms "http://localhost:3000/produtos/cadastrar" "Mozilla/5.0 (X11; Linux x86_64) AppleWebKit/537.36 (KHTML, like Gecko) Chrome/80.0.3987.116 Safari/537.36"

[2020-02-28 01:49:22] [server.js] info: "GET /produtos HTTP/1.1" 200 192 - 183.011 ms "http://localhost:3000/produtos" "Mozilla/5.0 (X11; Linux x86_64) AppleWebKit/537.36 (KHTML, like Gecko) Chrome/80.0.3987.116 Safari/537.36"

[2020-02-28 01:49:49] [server.js] info: "POST /produtos HTTP/1.1" 201 184 - 326.828 ms "http://localhost:3000/produtos/cadastrar" "Mozilla/5.0 (X11; Linux x86_64) AppleWebKit/537.36 (KHTML, like Gecko) Chrome/80.0.3987.116 Safari/537.36"

[2020-02-28 01:49:51] [server.js] info: "GET /produtos HTTP/1.1" 200 377 - 194.520 ms "http://localhost:3000/produtos" "Mozilla/5.0 (X11; Linux x86_64) AppleWebKit/537.36 (KHTML, like Gecko) Chrome/80.0.3987.116 Safari/537.36"

[2020-02-28 01:50:28] [server.js] info: "POST /produtos HTTP/1.1" 201 188 - 440.455 ms "http://localhost:3000/produtos/cadastrar" "Mozilla/5.0 (X11; Linux x86_64) AppleWebKit/537.36 (KHTML, like Gecko) Chrome/80.0.3987.116 Safari/537.36"

[2020-02-28 01:50:30] [server.js] info: "GET /produtos HTTP/1.1" 200 566 - 186.139 ms "http://localhost:3000/produtos" "Mozilla/5.0 (X11; Linux x86_64) AppleWebKit/537.36 (KHTML, like Gecko) Chrome/80.0.3987.116 Safari/537.36"

[2020-02-28 01:51:03] [server.js] info: "POST /produtos HTTP/1.1" 201 181 - 437.453 ms "http://localhost:3000/produtos/cadastrar" "Mozilla/5.0 (X11; Linux x86_64) AppleWebKit/537.36 (KHTML, like Gecko) Chrome/80.0.3987.116 Safari/537.36"

[2020-02-28 01:51:05] [server.js] info: "GET /produtos HTTP/1.1" 200 748 - 173.609 ms "http://localhost:3000/produtos" "Mozilla/5.0 (X11; Linux x86_64) AppleWebKit/537.36 (KHTML, like Gecko) Chrome/80.0.3987.116 Safari/537.36"

[2020-02-28 01:51:37] [server.js] info: "POST /produtos HTTP/1.1" 201 209 - 399.573 ms "http://localhost:3000/produtos/cadastrar" "Mozilla/5.0 (X11; Linux x86_64) AppleWebKit/537.36 (KHTML, like Gecko) Chrome/80.0.3987.116 Safari/537.36"

[2020-02-28 01:51:40] [server.js] info: "GET /produtos HTTP/1.1" 200 958 - 1469.213 ms "http://localhost:3000/produtos" "Mozilla/5.0 (X11; Linux x86_64) AppleWebKit/537.36 (KHTML, like Gecko) Chrome/80.0.3987.116 Safari/537.36"

[2020-02-28 01:53:01] [server.js] info: "POST /produtos HTTP/1.1" 201 216 - 424.756 ms "http://localhost:3000/produtos/cadastrar" "Mozilla/5.0 (X11; Linux x86_64) AppleWebKit/537.36 (KHTML, like Gecko) Chrome/80.0.3987.116 Safari/537.36"

[2020-02-28 01:53:03] [server.js] info: "GET /produtos HTTP/1.1" 200 1175 - 273.885 ms "http://localhost:3000/produtos" "Mozilla/5.0 (X11; Linux x86_64) AppleWebKit/537.36 (KHTML, like Gecko) Chrome/80.0.3987.116 Safari/537.36"

[2020-02-28 01:53:17] [server.js] info: "GET /produtos/5e589c3727440d4332de3a2b HTTP/1.1" 200 181 - 164.271 ms "http://localhost:3000/produtos/editar?id=5e589c3727440d4332de3a2b" "Mozilla/5.0 (X11; Linux x86_64) AppleWebKit/537.36 (KHTML, like Gecko) Chrome/80.0.3987.116 Safari/537.36"

[2020-02-28 01:53:25] [server.js] info: "PATCH /produtos/5e589c3727440d4332de3a2b HTTP/1.1" 200 188 - 198.992 ms "http://localhost:3000/produtos/editar?id=5e589c3727440d4332de3a2b" "Mozilla/5.0 (X11; Linux x86_64) AppleWebKit/537.36 (KHTML, like Gecko) Chrome/80.0.3987.116 Safari/537.36"

[2020-02-28 01:53:27] [server.js] info: "GET /produtos HTTP/1.1" 200 1182 - 207.382 ms "http://localhost:3000/produtos" "Mozilla/5.0 (X11; Linux x86_64) AppleWebKit/537.36 (KHTML, like Gecko) Chrome/80.0.3987.116 Safari/537.36"

[2020-02-28 01:53:30] [server.js] info: "GET /produtos/5e589c3727440d4332de3a2b HTTP/1.1" 200 188 - 199.828 ms "http://localhost:3000/produtos/editar?id=5e589c3727440d4332de3a2b" "Mozilla/5.0 (X11; Linux x86_64) AppleWebKit/537.36 (KHTML, like Gecko) Chrome/80.0.3987.116 Safari/537.36"

[2020-02-28 01:53:41] [server.js] info: "PATCH /produtos/5e589c3727440d4332de3a2b HTTP/1.1" 200 181 - 227.782 ms "http://localhost:3000/produtos/editar?id=5e589c3727440d4332de3a2b" "Mozilla/5.0 (X11; Linux x86_64) AppleWebKit/537.36 (KHTML, like Gecko) Chrome/80.0.3987.116 Safari/537.36"

[2020-02-28 01:53:43] [server.js] info: "GET /produtos HTTP/1.1" 200 1175 - 558.754 ms "http://localhost:3000/produtos" "Mozilla/5.0 (X11; Linux x86_64) AppleWebKit/537.36 (KHTML, like Gecko) Chrome/80.0.3987.116 Safari/537.36"

